<?xml version="1.0" encoding="UTF-8" ?>
<testsuite tests="5" failures="0" name="com.runner.TestRunner" time="9.804" errors="0" skipped="0">
  <properties>
    <property name="JOB_NAME" value="flyaway"/>
    <property name="java.vendor" value="Oracle Corporation"/>
    <property name="sun.java.launcher" value="SUN_STANDARD"/>
    <property name="RUN_TESTS_DISPLAY_URL" value="http://localhost:8080/job/flyaway/1/display/redirect?page=tests"/>
    <property name="NUMBER_OF_PROCESSORS" value="4"/>
    <property name="sun.management.compiler" value="HotSpot 64-Bit Tiered Compilers"/>
    <property name="JENKINS_HOME" value="C:\Users\bparsa\.jenkins"/>
    <property name="HUDSON_SERVER_COOKIE" value="8c629c7a18bccc89"/>
    <property name="os.name" value="Windows 10"/>
    <property name="EXECUTOR_NUMBER" value="1"/>
    <property name="sun.desktop" value="windows"/>
    <property name="PATHEXT" value=".COM;.EXE;.BAT;.CMD;.VBS;.VBE;.JS;.JSE;.WSF;.WSH;.MSC"/>
    <property name="java.vm.specification.vendor" value="Oracle Corporation"/>
    <property name="TEMP" value="C:\Users\bparsa\AppData\Local\Temp"/>
    <property name="NODE_LABELS" value="built-in"/>
    <property name="java.runtime.version" value="11.0.13+10-LTS-370"/>
    <property name="NSPR_NATIVE_THREADS_ONLY" value="1"/>
    <property name="user.name" value="bparsa"/>
    <property name="guice.disable.misplaced.annotation.check" value="true"/>
    <property name="CommonProgramW6432" value="C:\Program Files\Common Files"/>
    <property name="ProgramFiles" value="C:\Program Files"/>
    <property name="PROMPT" value="$P$G"/>
    <property name="user.language" value="en"/>
    <property name="JOB_BASE_NAME" value="flyaway"/>
    <property name="RUN_CHANGES_DISPLAY_URL" value="http://localhost:8080/job/flyaway/1/display/redirect?page=changes"/>
    <property name="BUILD_DISPLAY_NAME" value="#1"/>
    <property name="OneDrive" value="C:\Users\bparsa\OneDrive - Cisco"/>
    <property name="sun.boot.library.path" value="C:\Program Files\Java\jdk-11.0.13\bin"/>
    <property name="OneDriveCommercial" value="C:\Users\bparsa\OneDrive - Cisco"/>
    <property name="java.vm.compressedOopsMode" value="Zero based"/>
    <property name="LOCALAPPDATA" value="C:\Users\bparsa\AppData\Local"/>
    <property name="java.version" value="11.0.13"/>
    <property name="user.timezone" value="Asia/Calcutta"/>
    <property name="PROCESSOR_LEVEL" value="6"/>
    <property name="USERNAME" value="bparsa"/>
    <property name="sun.arch.data.model" value="64"/>
    <property name="NODE_NAME" value="built-in"/>
    <property name="BUILD_ID" value="1"/>
    <property name="sun.cpu.isalist" value="amd64"/>
    <property name="sun.jnu.encoding" value="Cp1252"/>
    <property name="maven.conf" value="C:\installables\Maven\conf"/>
    <property name="HOMEDRIVE" value="C:"/>
    <property name="file.separator" value="\"/>
    <property name="java.specification.name" value="Java Platform API Specification"/>
    <property name="java.class.version" value="55.0"/>
    <property name="=::" value="::\"/>
    <property name="org.slf4j.simpleLogger.defaultLogLevel" value="info"/>
    <property name="user.country" value="IN"/>
    <property name="ALLUSERSPROFILE" value="C:\ProgramData"/>
    <property name="java.home" value="C:\Program Files\Java\jdk-11.0.13"/>
    <property name="java.vm.info" value="mixed mode"/>
    <property name="os.version" value="10.0"/>
    <property name="RUN_DISPLAY_URL" value="http://localhost:8080/job/flyaway/1/display/redirect"/>
    <property name="TMP" value="C:\Users\bparsa\AppData\Local\Temp"/>
    <property name="path.separator" value=";"/>
    <property name="RUN_ARTIFACTS_DISPLAY_URL" value="http://localhost:8080/job/flyaway/1/display/redirect?page=artifacts"/>
    <property name="java.vm.version" value="11.0.13+10-LTS-370"/>
    <property name="user.variant" value=""/>
    <property name="CommonProgramFiles(x86)" value="C:\Program Files (x86)\Common Files"/>
    <property name="JOB_DISPLAY_URL" value="http://localhost:8080/job/flyaway/display/redirect"/>
    <property name="USERDOMAIN_ROAMINGPROFILE" value="CISCO"/>
    <property name="java.awt.printerjob" value="sun.awt.windows.WPrinterJob"/>
    <property name="CommonProgramFiles" value="C:\Program Files\Common Files"/>
    <property name="sun.io.unicode.encoding" value="UnicodeLittle"/>
    <property name="JAVA_HOME" value="C:\Program Files\Java\jdk-11.0.13"/>
    <property name="ComSpec" value="C:\Windows\system32\cmd.exe"/>
    <property name="USERDNSDOMAIN" value="cisco.com"/>
    <property name="HOMEPATH" value="\Users\bparsa"/>
    <property name="awt.toolkit" value="sun.awt.windows.WToolkit"/>
    <property name="COMPUTERNAME" value="DESKTOP-8AJROAQ"/>
    <property name="user.script" value=""/>
    <property name="user.home" value="C:\Users\bparsa"/>
    <property name="PUBLIC" value="C:\Users\Public"/>
    <property name="BUILD_TAG" value="jenkins-flyaway-1"/>
    <property name="JENKINS_SERVER_COOKIE" value="8c629c7a18bccc89"/>
    <property name="HUDSON_URL" value="http://localhost:8080/"/>
    <property name="ProgramData" value="C:\ProgramData"/>
    <property name="java.version.date" value="2021-10-19"/>
    <property name="java.specification.vendor" value="Oracle Corporation"/>
    <property name="USERPROFILE" value="C:\Users\bparsa"/>
    <property name="CLASSPATH" value=""/>
    <property name="java.library.path" value="C:\Program Files\Java\jdk-11.0.13\bin;C:\Windows\Sun\Java\bin;C:\Windows\system32;C:\Windows;C:\installables\Maven/bin;C:\Program Files\Common Files\Oracle\Java\javapath;C:\Windows\system32;C:\Windows;C:\Windows\System32\Wbem;C:\Windows\System32\WindowsPowerShell\v1.0\;C:\Windows\System32\OpenSSH\;C:\Program Files (x86)\Intel\Intel(R) Management Engine Components\DAL;C:\Program Files\Intel\Intel(R) Management Engine Components\DAL;C:\Program Files\Java\jdk-11.0.13\bin;C:\installables\nodejs;C:\Users\bparsa\Anaconda3;C:\Users\bparsa\Anaconda3\Library\mingw-w64\bin;C:\Users\bparsa\Anaconda3\Library\usr\bin;C:\Users\bparsa\Anaconda3\Library\bin;C:\Users\bparsa\Anaconda3\Scripts;C:\Users\bparsa\AppData\Local\Microsoft\WindowsApps;C:\Users\bparsa\AppData\Local\Programs\Microsoft VS Code\bin;."/>
    <property name="java.vendor.url" value="https://openjdk.java.net/"/>
    <property name="java.vm.vendor" value="Oracle Corporation"/>
    <property name="APPDATA" value="C:\Users\bparsa\AppData\Roaming"/>
    <property name="java.runtime.name" value="Java(TM) SE Runtime Environment"/>
    <property name="maven.home" value="C:\installables\Maven"/>
    <property name="java.class.path" value="C:\Users\bparsa\.jenkins\plugins\maven-plugin\WEB-INF\lib\maven35-agent-1.13.jar;C:\installables\Maven\boot\plexus-classworlds-2.6.0.jar;C:\installables\Maven/conf/logging"/>
    <property name="sun.java.command" value="jenkins.maven3.agent.Maven35Main C:\installables\Maven C:\Users\bparsa\.jenkins\war\WEB-INF\lib\remoting-4.11.1.jar C:\Users\bparsa\.jenkins\plugins\maven-plugin\WEB-INF\lib\maven35-interceptor-1.13.jar C:\Users\bparsa\.jenkins\plugins\maven-plugin\WEB-INF\lib\maven3-interceptor-commons-1.13.jar 53813"/>
    <property name="Path" value="C:\Program Files\Common Files\Oracle\Java\javapath;C:\Windows\system32;C:\Windows;C:\Windows\System32\Wbem;C:\Windows\System32\WindowsPowerShell\v1.0\;C:\Windows\System32\OpenSSH\;C:\Program Files (x86)\Intel\Intel(R) Management Engine Components\DAL;C:\Program Files\Intel\Intel(R) Management Engine Components\DAL;C:\Program Files\Java\jdk-11.0.13\bin;C:\installables\nodejs;C:\Users\bparsa\Anaconda3;C:\Users\bparsa\Anaconda3\Library\mingw-w64\bin;C:\Users\bparsa\Anaconda3\Library\usr\bin;C:\Users\bparsa\Anaconda3\Library\bin;C:\Users\bparsa\Anaconda3\Scripts;C:\Users\bparsa\AppData\Local\Microsoft\WindowsApps;C:\Users\bparsa\AppData\Local\Programs\Microsoft VS Code\bin"/>
    <property name="jdk.debug" value="release"/>
    <property name="PROCESSOR_ARCHITECTURE" value="AMD64"/>
    <property name="java.vm.specification.name" value="Java Virtual Machine Specification"/>
    <property name="jansi.mode" value="strip"/>
    <property name="SESSIONNAME" value="Console"/>
    <property name="PROCESSOR_IDENTIFIER" value="Intel64 Family 6 Model 142 Stepping 9, GenuineIntel"/>
    <property name="java.vm.specification.version" value="11"/>
    <property name="M2_HOME" value="C:\installables\Maven"/>
    <property name="sun.cpu.endian" value="little"/>
    <property name="sun.os.patch.level" value=""/>
    <property name="OS" value="Windows_NT"/>
    <property name="CI" value="true"/>
    <property name="java.io.tmpdir" value="C:\Users\bparsa\AppData\Local\Temp\"/>
    <property name="HUDSON_HOME" value="C:\Users\bparsa\.jenkins"/>
    <property name="PATH+MAVEN" value="C:\installables\Maven/bin"/>
    <property name="ProgramFiles(x86)" value="C:\Program Files (x86)"/>
    <property name="java.vendor.url.bug" value="https://bugreport.java.com/bugreport/"/>
    <property name="BUILD_URL" value="http://localhost:8080/job/flyaway/1/"/>
    <property name="NPM_HOME" value="C:\installables\nodejs"/>
    <property name="SystemRoot" value="C:\Windows"/>
    <property name="os.arch" value="amd64"/>
    <property name="java.awt.graphicsenv" value="sun.awt.Win32GraphicsEnvironment"/>
    <property name="user.dir" value="C:\Users\bparsa\eclipse-workspace\BDDCapstone"/>
    <property name="JOB_URL" value="http://localhost:8080/job/flyaway/"/>
    <property name="LOGONSERVER" value="\\DESKTOP-8AJROAQ"/>
    <property name="USERDOMAIN" value="CISCO"/>
    <property name="MAVEN_HOME" value="C:\installables\Maven"/>
    <property name="line.separator" value="
"/>
    <property name="java.vm.name" value="Java HotSpot(TM) 64-Bit Server VM"/>
    <property name="BUILD_NUMBER" value="1"/>
    <property name="PROCESSOR_REVISION" value="8e09"/>
    <property name="JENKINS_URL" value="http://localhost:8080/"/>
    <property name="UATDATA" value="C:\Windows\CCM\UATData\D9F8C395-CAB8-491d-B8AC-179A1FE1BE77"/>
    <property name="ProgramW6432" value="C:\Program Files"/>
    <property name="windir" value="C:\Windows"/>
    <property name="=C:" value="C:\installables"/>
    <property name="file.encoding" value="Cp1252"/>
    <property name="SystemDrive" value="C:"/>
    <property name="maven3.interceptor" value="C:\Users\bparsa\.jenkins\plugins\maven-plugin\WEB-INF\lib\maven35-interceptor-1.13.jar"/>
    <property name="WORKSPACE_TMP" value="C:\Users\bparsa\.jenkins\workspace\flyaway@tmp"/>
    <property name="WORKSPACE" value="C:\Users\bparsa\.jenkins\workspace\flyaway"/>
    <property name="maven3.interceptor.common" value="C:\Users\bparsa\.jenkins\plugins\maven-plugin\WEB-INF\lib\maven3-interceptor-commons-1.13.jar"/>
    <property name="PSModulePath" value="C:\Program Files\WindowsPowerShell\Modules;C:\Windows\system32\WindowsPowerShell\v1.0\Modules;C:\Program Files\Thycotic\Powershell\"/>
    <property name="java.specification.version" value="11"/>
    <property name="DriverData" value="C:\Windows\System32\Drivers\DriverData"/>
    <property name="java.vendor.version" value="18.9"/>
  </properties>
  <testcase classname="com.runner.TestRunner" name="runScenario" time="7.138"/>
  <testcase classname="com.runner.TestRunner" name="runScenario" time="1.246"/>
  <testcase classname="com.runner.TestRunner" name="runScenario" time="0.389"/>
  <testcase classname="com.runner.TestRunner" name="runScenario" time="0.582"/>
  <testcase classname="com.runner.TestRunner" name="runScenario" time="0.449"/>
</testsuite>