<?xml version="1.0" encoding="UTF-8"?>
<!-- Generated by org.testng.reporters.JUnitReportReporter -->
<testsuite hostname="DESKTOP-8AJROAQ" failures="0" tests="5" name="com.runner.TestRunner" time="6.334" errors="0" timestamp="2021-12-23T21:51:43 IST" skipped="0">
  <testcase classname="com.runner.TestRunner" name="runScenario" time="0.400"/>
  <system-out/>
  <testcase classname="com.runner.TestRunner" name="runScenario" time="0.383"/>
  <system-out/>
  <testcase classname="com.runner.TestRunner" name="runScenario" time="0.956"/>
  <system-out/>
  <testcase classname="com.runner.TestRunner" name="runScenario" time="4.079"/>
  <system-out/>
  <testcase classname="com.runner.TestRunner" name="runScenario" time="0.516"/>
  <system-out/>
</testsuite> <!-- com.runner.TestRunner -->
