<?xml version="1.0" encoding="UTF-8"?>
<!-- Generated by org.testng.reporters.JUnitReportReporter -->
<testsuite hostname="DESKTOP-8AJROAQ" failures="0" tests="5" name="com.runner.TestRunner" time="9.791" errors="0" timestamp="2021-12-23T23:00:44 IST" skipped="0">
  <testcase classname="com.runner.TestRunner" name="runScenario" time="0.389"/>
  <system-out/>
  <testcase classname="com.runner.TestRunner" name="runScenario" time="7.131"/>
  <system-out/>
  <testcase classname="com.runner.TestRunner" name="runScenario" time="0.583"/>
  <system-out/>
  <testcase classname="com.runner.TestRunner" name="runScenario" time="0.443"/>
  <system-out/>
  <testcase classname="com.runner.TestRunner" name="runScenario" time="1.245"/>
  <system-out/>
</testsuite> <!-- com.runner.TestRunner -->
